WARNING (2023-11-29 11:50:08,048) [log:51|139844785825472] Not Found: /favicon.ico
WARNING (2023-11-29 11:50:08,053) [basehttp:51|139844785825472] "GET /favicon.ico HTTP/1.1" 404 8861
WARNING (2023-11-29 12:13:42,381) [log:51|139844768253632] Bad Request: /task/
WARNING (2023-11-29 12:13:42,390) [basehttp:51|139844768253632] "GET /task/ HTTP/1.1" 400 18620
WARNING (2023-11-29 12:20:53,997) [log:51|139844768253632] Bad Request: /task/
WARNING (2023-11-29 12:20:54,005) [basehttp:51|139844768253632] "GET /task/ HTTP/1.1" 400 18620
WARNING (2023-11-29 12:21:03,595) [log:51|139844768253632] Method Not Allowed: /annotation/
WARNING (2023-11-29 12:21:03,620) [basehttp:51|139844768253632] "GET /annotation/ HTTP/1.1" 405 17934
WARNING (2023-11-29 12:21:39,608) [log:51|139844768253632] Method Not Allowed: /prediction/
WARNING (2023-11-29 12:21:39,731) [basehttp:51|139844768253632] "GET /prediction/ HTTP/1.1" 405 12903
WARNING (2023-11-29 13:01:52,306) [log:51|139844777432768] Bad Request: /task/
WARNING (2023-11-29 13:01:52,320) [basehttp:51|139844777432768] "GET /task/ HTTP/1.1" 400 18620
WARNING (2023-11-29 13:02:22,788) [log:51|139844777432768] Method Not Allowed: /annotation/
WARNING (2023-11-29 13:02:23,029) [basehttp:51|139844777432768] "GET /annotation/ HTTP/1.1" 405 17934
WARNING (2023-11-29 17:18:33,205) [log:10|140072833771200] Not Found: /favicon.ico
WARNING (2023-11-29 17:18:33,213) [basehttp:10|140072833771200] "GET /favicon.ico HTTP/1.1" 404 8863
WARNING (2023-11-29 17:18:38,294) [log:10|140072833771200] Not Found: /ad
WARNING (2023-11-29 17:18:38,349) [basehttp:10|140072833771200] "GET /ad HTTP/1.1" 404 8836
WARNING (2023-11-29 17:45:59,152) [log:10|140072808068800] Not Found: /admi
WARNING (2023-11-29 17:45:59,165) [basehttp:10|140072808068800] "GET /admi HTTP/1.1" 404 8842
WARNING (2023-11-30 11:34:02,346) [log:9|140668853573312] Not Found: /favicon.ico
WARNING (2023-11-30 11:34:02,368) [basehttp:9|140668853573312] "GET /favicon.ico HTTP/1.1" 404 8863
WARNING (2023-12-09 17:51:14,641) [log:11|139690783008448] Not Found: /favicon.ico
WARNING (2023-12-09 17:51:15,331) [basehttp:11|139690783008448] "GET /favicon.ico HTTP/1.1" 404 8863
WARNING (2023-12-09 17:53:42,103) [log:11|139690783008448] Unauthorized: /annotation/
WARNING (2023-12-09 17:53:42,112) [basehttp:11|139690783008448] "GET /annotation/ HTTP/1.1" 401 8871
WARNING (2023-12-09 17:57:06,715) [log:11|139690783008448] Method Not Allowed: /annotation/
WARNING (2023-12-09 17:57:06,724) [basehttp:11|139690783008448] "GET /annotation/ HTTP/1.1" 405 18028
WARNING (2023-12-09 20:12:28,972) [log:10|140236558202560] Not Found: /organizations/public/1/cumulative_tasks_count/
WARNING (2023-12-09 20:12:29,122) [basehttp:10|140236558202560] "GET /organizations/public/1/cumulative_tasks_count/ HTTP/1.1" 404 36
WARNING (2023-12-09 20:12:29,252) [log:10|140236532762304] Not Found: /organizations/public/1/cumulative_tasks_count/
WARNING (2023-12-09 20:12:29,287) [basehttp:10|140236532762304] "GET /organizations/public/1/cumulative_tasks_count/ HTTP/1.1" 404 36
WARNING (2023-12-09 20:25:48,431) [log:10|140236532762304] Not Found: /organizations/public/1/cumulative_tasks_count/
WARNING (2023-12-09 20:25:48,450) [basehttp:10|140236532762304] "GET /organizations/public/1/cumulative_tasks_count/ HTTP/1.1" 404 36
WARNING (2023-12-09 20:25:48,603) [log:10|140236558202560] Not Found: /organizations/public/1/cumulative_tasks_count/
WARNING (2023-12-09 20:25:48,674) [basehttp:10|140236558202560] "GET /organizations/public/1/cumulative_tasks_count/ HTTP/1.1" 404 36
WARNING (2023-12-09 20:26:05,320) [log:10|140236558202560] Bad Request: /logs/transliteration_selection/
WARNING (2023-12-09 20:26:05,324) [basehttp:10|140236558202560] "POST /logs/transliteration_selection/ HTTP/1.1" 400 41
WARNING (2023-12-09 20:28:47,310) [log:10|140236541155008] Not Found: /organizations/public/1/cumulative_tasks_count/
WARNING (2023-12-09 20:28:47,321) [basehttp:10|140236541155008] "GET /organizations/public/1/cumulative_tasks_count/ HTTP/1.1" 404 36
WARNING (2023-12-09 20:28:47,435) [log:10|140236558202560] Not Found: /organizations/public/1/cumulative_tasks_count/
WARNING (2023-12-09 20:28:47,452) [basehttp:10|140236558202560] "GET /organizations/public/1/cumulative_tasks_count/ HTTP/1.1" 404 36
WARNING (2023-12-09 20:28:55,668) [log:10|140236549809856] Not Found: /organizations/public/1/cumulative_tasks_count/
WARNING (2023-12-09 20:28:55,677) [basehttp:10|140236549809856] "GET /organizations/public/1/cumulative_tasks_count/ HTTP/1.1" 404 36
WARNING (2023-12-09 20:28:55,780) [log:10|140236541155008] Not Found: /organizations/public/1/cumulative_tasks_count/
WARNING (2023-12-09 20:28:55,789) [basehttp:10|140236541155008] "GET /organizations/public/1/cumulative_tasks_count/ HTTP/1.1" 404 36
WARNING (2023-12-09 20:29:31,765) [log:10|140236558202560] Not Found: /projects/1/
WARNING (2023-12-09 20:29:31,770) [basehttp:10|140236558202560] "GET /projects/1/ HTTP/1.1" 404 23
WARNING (2023-12-09 20:29:31,914) [log:10|140236541155008] Not Found: /projects/1/
WARNING (2023-12-09 20:29:31,923) [basehttp:10|140236541155008] "GET /projects/1/ HTTP/1.1" 404 23
WARNING (2023-12-09 20:30:10,857) [log:10|140236541155008] Not Found: /projects/1/
WARNING (2023-12-09 20:30:10,865) [basehttp:10|140236541155008] "GET /projects/1/ HTTP/1.1" 404 23
WARNING (2023-12-09 20:30:10,958) [log:10|140236558202560] Not Found: /projects/1/
WARNING (2023-12-09 20:30:10,966) [basehttp:10|140236558202560] "GET /projects/1/ HTTP/1.1" 404 23
WARNING (2023-12-09 20:30:52,851) [log:10|140236541155008] Not Found: /task/1/annotations/
WARNING (2023-12-09 20:30:52,857) [basehttp:10|140236541155008] "GET /task/1/annotations/ HTTP/1.1" 404 23
WARNING (2023-12-09 20:30:52,926) [log:10|140236558202560] Not Found: /task/1/annotations/
WARNING (2023-12-09 20:30:52,932) [basehttp:10|140236558202560] "GET /task/1/annotations/ HTTP/1.1" 404 23
WARNING (2023-12-09 20:30:53,159) [log:10|140236558202560] Not Found: /projects/1/
WARNING (2023-12-09 20:30:53,170) [basehttp:10|140236558202560] "GET /projects/1/ HTTP/1.1" 404 23
WARNING (2023-12-09 20:30:53,304) [log:10|140236558202560] Not Found: /projects/1/
WARNING (2023-12-09 20:30:53,327) [basehttp:10|140236558202560] "GET /projects/1/ HTTP/1.1" 404 23
WARNING (2023-12-09 20:30:53,618) [log:10|140236541155008] Not Found: /projects/1/
WARNING (2023-12-09 20:30:53,636) [basehttp:10|140236541155008] "GET /projects/1/ HTTP/1.1" 404 23
WARNING (2023-12-09 20:30:53,783) [log:10|140236558202560] Not Found: /projects/1/
WARNING (2023-12-09 20:30:53,793) [basehttp:10|140236558202560] "GET /projects/1/ HTTP/1.1" 404 23
WARNING (2023-12-09 20:43:35,146) [log:10|140236541155008] Not Found: /workspaces/1/
WARNING (2023-12-09 20:43:35,355) [basehttp:10|140236541155008] "GET /workspaces/1/ HTTP/1.1" 404 23
WARNING (2023-12-09 20:43:35,644) [log:10|140236532762304] Not Found: /workspaces/1/
WARNING (2023-12-09 20:43:35,677) [basehttp:10|140236532762304] "GET /workspaces/1/ HTTP/1.1" 404 23
WARNING (2023-12-09 20:43:55,528) [log:10|140235715376832] Not Found: /workspaces/1/
WARNING (2023-12-09 20:43:55,537) [basehttp:10|140235715376832] "GET /workspaces/1/ HTTP/1.1" 404 23
WARNING (2023-12-09 20:43:55,662) [log:10|140236319356608] Not Found: /workspaces/1/
WARNING (2023-12-09 20:43:55,671) [basehttp:10|140236319356608] "GET /workspaces/1/ HTTP/1.1" 404 23
WARNING (2023-12-09 20:48:11,835) [log:10|140236532762304] Not Found: /task/1/annotations/
WARNING (2023-12-09 20:48:11,844) [basehttp:10|140236532762304] "GET /task/1/annotations/ HTTP/1.1" 404 23
WARNING (2023-12-09 20:48:11,897) [log:10|140235715376832] Not Found: /task/1/
WARNING (2023-12-09 20:48:11,908) [basehttp:10|140235715376832] "GET /task/1/ HTTP/1.1" 404 23
WARNING (2023-12-09 20:48:28,297) [log:10|140236532762304] Forbidden: /users/account/2/fetch/
WARNING (2023-12-09 20:48:28,341) [basehttp:10|140236532762304] "GET /users/account/2/fetch/ HTTP/1.1" 403 28
WARNING (2023-12-09 20:48:28,519) [log:10|140235715376832] Forbidden: /users/account/2/fetch/
WARNING (2023-12-09 20:48:28,556) [basehttp:10|140235715376832] "GET /users/account/2/fetch/ HTTP/1.1" 403 28
WARNING (2023-12-13 20:55:00,718) [log:30|140557678528192] Not Found: /favicon.ico
WARNING (2023-12-13 20:55:00,761) [basehttp:30|140557678528192] "GET /favicon.ico HTTP/1.1" 404 8863
WARNING (2023-12-13 20:55:06,285) [log:30|140557678528192] Not Found: /docs
WARNING (2023-12-13 20:55:06,296) [basehttp:30|140557678528192] "GET /docs HTTP/1.1" 404 8842
WARNING (2023-12-13 21:03:41,474) [log:38|139840386004672] Not Found: /accounts/login/
WARNING (2023-12-13 21:03:41,715) [basehttp:38|139840386004672] "GET /accounts/login/?next=/swagger/ HTTP/1.1" 404 8890
WARNING (2023-12-13 21:38:44,064) [log:38|140257147725504] Not Found: /organizations/public/1/cumulative_tasks_count/
WARNING (2023-12-13 21:38:44,082) [basehttp:38|140257147725504] "GET /organizations/public/1/cumulative_tasks_count/ HTTP/1.1" 404 36
WARNING (2023-12-13 21:38:44,168) [log:38|140257139332800] Not Found: /organizations/public/1/cumulative_tasks_count/
WARNING (2023-12-13 21:38:44,181) [basehttp:38|140257139332800] "GET /organizations/public/1/cumulative_tasks_count/ HTTP/1.1" 404 36
WARNING (2023-12-13 21:39:15,245) [log:38|140257147725504] Bad Request: /logs/transliteration_selection/
WARNING (2023-12-13 21:39:15,251) [basehttp:38|140257147725504] "POST /logs/transliteration_selection/ HTTP/1.1" 400 41
WARNING (2023-12-13 22:11:40,167) [log:39|140501709735616] Not Found: /workspaces/1/
WARNING (2023-12-13 22:11:40,187) [basehttp:39|140501709735616] "GET /workspaces/1/ HTTP/1.1" 404 23
WARNING (2023-12-13 22:11:40,313) [log:39|140501718128320] Not Found: /workspaces/1/
WARNING (2023-12-13 22:11:40,320) [basehttp:39|140501718128320] "GET /workspaces/1/ HTTP/1.1" 404 23
WARNING (2023-12-13 22:12:25,343) [log:39|140501718128320] Not Found: /task//
WARNING (2023-12-13 22:12:25,368) [basehttp:39|140501718128320] "GET /task// HTTP/1.1" 404 8848
WARNING (2023-12-13 22:12:25,371) [log:39|140501709735616] Not Found: /task//annotations/
WARNING (2023-12-13 22:12:25,412) [basehttp:39|140501709735616] "GET /task//annotations/ HTTP/1.1" 404 8884
WARNING (2023-12-13 22:12:30,250) [log:39|140501718128320] Not Found: /workspaces/1/
WARNING (2023-12-13 22:12:30,265) [basehttp:39|140501718128320] "GET /workspaces/1/ HTTP/1.1" 404 23
WARNING (2023-12-13 22:12:30,352) [log:39|140501709735616] Not Found: /workspaces/1/
WARNING (2023-12-13 22:12:30,359) [basehttp:39|140501709735616] "GET /workspaces/1/ HTTP/1.1" 404 23
WARNING (2023-12-14 07:07:46,474) [log:38|139637495977664] Not Found: /workspaces/1/
WARNING (2023-12-14 07:07:46,973) [basehttp:38|139637495977664] "GET /workspaces/1/ HTTP/1.1" 404 23
WARNING (2023-12-14 07:07:47,319) [log:38|139637504370368] Not Found: /workspaces/1/
WARNING (2023-12-14 07:07:47,344) [basehttp:38|139637504370368] "GET /workspaces/1/ HTTP/1.1" 404 23
WARNING (2023-12-14 07:08:35,172) [log:38|139637512763072] Not Found: /workspaces/1/
WARNING (2023-12-14 07:08:35,183) [basehttp:38|139637512763072] "GET /workspaces/1/ HTTP/1.1" 404 23
WARNING (2023-12-14 07:08:35,273) [log:38|139637504370368] Not Found: /workspaces/1/
WARNING (2023-12-14 07:08:35,287) [basehttp:38|139637504370368] "GET /workspaces/1/ HTTP/1.1" 404 23
WARNING (2023-12-14 07:24:40,296) [log:38|139773104387776] Unauthorized: /users/account/me/fetch/
WARNING (2023-12-14 07:24:40,340) [basehttp:38|139773104387776] "GET /users/account/me/fetch/ HTTP/1.1" 401 183
WARNING (2023-12-14 07:24:40,380) [log:38|139773095732928] Unauthorized: /users/account/me/fetch/
WARNING (2023-12-14 07:24:40,445) [basehttp:38|139773095732928] "GET /users/account/me/fetch/ HTTP/1.1" 401 183
WARNING (2023-12-14 07:24:50,043) [log:38|139773086291648] Not Found: /favicon.ico
WARNING (2023-12-14 07:24:50,101) [basehttp:38|139773086291648] "GET /favicon.ico HTTP/1.1" 404 8863
WARNING (2023-12-14 07:56:34,620) [log:39|140337643804352] Unauthorized: /users/account/me/fetch/
WARNING (2023-12-14 07:56:34,702) [basehttp:39|140337643804352] "GET /users/account/me/fetch/ HTTP/1.1" 401 183
WARNING (2023-12-14 07:56:34,790) [log:39|140337635149504] Unauthorized: /users/account/me/fetch/
WARNING (2023-12-14 07:56:34,877) [basehttp:39|140337635149504] "GET /users/account/me/fetch/ HTTP/1.1" 401 183
WARNING (2023-12-14 08:17:00,349) [log:39|140337606563520] Unauthorized: /users/account/me/fetch/
WARNING (2023-12-14 08:17:00,387) [basehttp:39|140337606563520] "GET /users/account/me/fetch/ HTTP/1.1" 401 183
WARNING (2023-12-14 08:17:00,401) [log:39|140337598170816] Unauthorized: /users/account/me/fetch/
WARNING (2023-12-14 08:17:00,417) [basehttp:39|140337598170816] "GET /users/account/me/fetch/ HTTP/1.1" 401 183
WARNING (2023-12-14 08:17:08,478) [log:39|140337598170816] Unauthorized: /users/account/user_details/
WARNING (2023-12-14 08:17:08,504) [basehttp:39|140337598170816] "GET /users/account/user_details/ HTTP/1.1" 401 183
WARNING (2023-12-14 08:17:08,535) [log:39|140337598170816] Unauthorized: /users/account/user_details/
WARNING (2023-12-14 08:17:08,555) [basehttp:39|140337598170816] "GET /users/account/user_details/ HTTP/1.1" 401 183
WARNING (2023-12-14 08:17:27,299) [log:39|140337598170816] Unauthorized: /projects/types/
WARNING (2023-12-14 08:17:27,306) [log:39|140337606563520] Unauthorized: /projects/projects_list/optimized/
WARNING (2023-12-14 08:17:27,316) [basehttp:39|140337598170816] "GET /projects/types/ HTTP/1.1" 401 183
WARNING (2023-12-14 08:17:27,321) [basehttp:39|140337606563520] "GET /projects/projects_list/optimized/? HTTP/1.1" 401 183
WARNING (2023-12-14 08:17:27,342) [log:39|140337598170816] Unauthorized: /projects/projects_list/optimized/
WARNING (2023-12-14 08:17:27,357) [basehttp:39|140337598170816] "GET /projects/projects_list/optimized/? HTTP/1.1" 401 183
WARNING (2023-12-14 08:17:27,359) [log:39|140337635149504] Unauthorized: /projects/types/
WARNING (2023-12-14 08:17:27,376) [basehttp:39|140337635149504] "GET /projects/types/ HTTP/1.1" 401 183
WARNING (2023-12-14 08:17:27,591) [log:39|140337635149504] Unauthorized: /users/account/me/fetch/
WARNING (2023-12-14 08:17:27,609) [basehttp:39|140337635149504] "GET /users/account/me/fetch/ HTTP/1.1" 401 183
WARNING (2023-12-14 08:17:27,618) [log:39|140337598170816] Unauthorized: /users/account/me/fetch/
WARNING (2023-12-14 08:17:27,625) [basehttp:39|140337598170816] "GET /users/account/me/fetch/ HTTP/1.1" 401 183
WARNING (2023-12-14 08:18:14,030) [log:39|140337598170816] Unauthorized: /projects/types/
WARNING (2023-12-14 08:18:14,031) [log:39|140337635149504] Unauthorized: /projects/projects_list/optimized/
WARNING (2023-12-14 08:18:14,064) [basehttp:39|140337635149504] "GET /projects/projects_list/optimized/? HTTP/1.1" 401 183
WARNING (2023-12-14 08:18:14,067) [basehttp:39|140337598170816] "GET /projects/types/ HTTP/1.1" 401 183
WARNING (2023-12-14 08:18:14,087) [log:39|140337635149504] Unauthorized: /projects/types/
WARNING (2023-12-14 08:18:14,123) [basehttp:39|140337635149504] "GET /projects/types/ HTTP/1.1" 401 183
WARNING (2023-12-14 08:18:14,173) [log:39|140337635149504] Unauthorized: /projects/projects_list/optimized/
WARNING (2023-12-14 08:18:14,222) [basehttp:39|140337635149504] "GET /projects/projects_list/optimized/? HTTP/1.1" 401 183
WARNING (2023-12-14 08:18:14,718) [log:39|140337635149504] Unauthorized: /users/account/me/fetch/
WARNING (2023-12-14 08:18:14,759) [basehttp:39|140337635149504] "GET /users/account/me/fetch/ HTTP/1.1" 401 183
WARNING (2023-12-14 08:18:14,768) [log:39|140337598170816] Unauthorized: /users/account/me/fetch/
WARNING (2023-12-14 08:18:14,788) [basehttp:39|140337598170816] "GET /users/account/me/fetch/ HTTP/1.1" 401 183
WARNING (2023-12-14 08:18:28,031) [log:39|140337598170816] Unauthorized: /projects/types/
WARNING (2023-12-14 08:18:28,038) [log:39|140337635149504] Unauthorized: /projects/projects_list/optimized/
WARNING (2023-12-14 08:18:28,052) [basehttp:39|140337598170816] "GET /projects/types/ HTTP/1.1" 401 183
WARNING (2023-12-14 08:18:28,065) [basehttp:39|140337635149504] "GET /projects/projects_list/optimized/? HTTP/1.1" 401 183
WARNING (2023-12-14 08:18:28,078) [log:39|140337606563520] Unauthorized: /projects/types/
WARNING (2023-12-14 08:18:28,085) [log:39|140337598170816] Unauthorized: /projects/projects_list/optimized/
WARNING (2023-12-14 08:18:28,102) [basehttp:39|140337598170816] "GET /projects/projects_list/optimized/? HTTP/1.1" 401 183
WARNING (2023-12-14 08:18:28,107) [basehttp:39|140337606563520] "GET /projects/types/ HTTP/1.1" 401 183
WARNING (2023-12-14 08:18:28,366) [log:39|140337598170816] Unauthorized: /users/account/me/fetch/
WARNING (2023-12-14 08:18:28,380) [basehttp:39|140337598170816] "GET /users/account/me/fetch/ HTTP/1.1" 401 183
WARNING (2023-12-14 08:18:28,403) [log:39|140337606563520] Unauthorized: /users/account/me/fetch/
WARNING (2023-12-14 08:18:28,418) [basehttp:39|140337606563520] "GET /users/account/me/fetch/ HTTP/1.1" 401 183
WARNING (2023-12-14 08:19:25,227) [log:39|140337606563520] Unauthorized: /projects/types/
WARNING (2023-12-14 08:19:25,230) [log:39|140337598170816] Unauthorized: /projects/projects_list/optimized/
WARNING (2023-12-14 08:19:25,253) [basehttp:39|140337606563520] "GET /projects/types/ HTTP/1.1" 401 183
WARNING (2023-12-14 08:19:25,261) [basehttp:39|140337598170816] "GET /projects/projects_list/optimized/? HTTP/1.1" 401 183
WARNING (2023-12-14 08:19:25,275) [log:39|140337635149504] Unauthorized: /projects/types/
WARNING (2023-12-14 08:19:25,303) [log:39|140337606563520] Unauthorized: /projects/projects_list/optimized/
WARNING (2023-12-14 08:19:25,310) [basehttp:39|140337635149504] "GET /projects/types/ HTTP/1.1" 401 183
WARNING (2023-12-14 08:19:25,318) [basehttp:39|140337606563520] "GET /projects/projects_list/optimized/? HTTP/1.1" 401 183
WARNING (2023-12-14 08:19:25,679) [log:39|140337606563520] Unauthorized: /users/account/me/fetch/
WARNING (2023-12-14 08:19:25,687) [basehttp:39|140337606563520] "GET /users/account/me/fetch/ HTTP/1.1" 401 183
WARNING (2023-12-14 08:19:25,705) [log:39|140337635149504] Unauthorized: /users/account/me/fetch/
WARNING (2023-12-14 08:19:25,718) [basehttp:39|140337635149504] "GET /users/account/me/fetch/ HTTP/1.1" 401 183
WARNING (2023-12-14 08:26:56,939) [log:39|140337606563520] Not Found: /workspaces/1/
WARNING (2023-12-14 08:27:03,576) [basehttp:39|140337606563520] "GET /workspaces/1/ HTTP/1.1" 404 23
WARNING (2023-12-14 08:27:05,353) [log:39|140337598170816] Not Found: /workspaces/1/
WARNING (2023-12-14 08:27:05,483) [basehttp:39|140337598170816] "GET /workspaces/1/ HTTP/1.1" 404 23
